ci-synergyze-airflow-dev-01.syndevapp.vcndataplatform.oraclevcn.com
*** Reading local file: /opt/airflow/logs/dag_id=airflow_dag_p6_pds_to_oci/run_id=manual__2025-12-07T16:39:18.962442+00:00/task_id=run_p6_pds_oci_adw/attempt=3.log
[2025-12-07T16:49:23.383+0000] {taskinstance.py:1087} INFO - Dependencies all met for <TaskInstance: airflow_dag_p6_pds_to_oci.run_p6_pds_oci_adw manual__2025-12-07T16:39:18.962442+00:00 [queued]>
[2025-12-07T16:49:23.394+0000] {taskinstance.py:1087} INFO - Dependencies all met for <TaskInstance: airflow_dag_p6_pds_to_oci.run_p6_pds_oci_adw manual__2025-12-07T16:39:18.962442+00:00 [queued]>
[2025-12-07T16:49:23.394+0000] {taskinstance.py:1283} INFO - 
--------------------------------------------------------------------------------
[2025-12-07T16:49:23.394+0000] {taskinstance.py:1284} INFO - Starting attempt 3 of 4
[2025-12-07T16:49:23.395+0000] {taskinstance.py:1285} INFO - 
--------------------------------------------------------------------------------
[2025-12-07T16:49:23.412+0000] {taskinstance.py:1304} INFO - Executing <Task(PythonOperator): run_p6_pds_oci_adw> on 2025-12-07 16:39:18.962442+00:00
[2025-12-07T16:49:23.415+0000] {standard_task_runner.py:55} INFO - Started process 225197 to run task
[2025-12-07T16:49:23.418+0000] {standard_task_runner.py:82} INFO - Running: ['airflow', 'tasks', 'run', 'airflow_dag_p6_pds_to_oci', 'run_p6_pds_oci_adw', 'manual__2025-12-07T16:39:18.962442+00:00', '--job-id', '10982', '--raw', '--subdir', 'DAGS_FOLDER/airflow_dag_p6_pds_to_oci.py', '--cfg-path', '/tmp/tmpynarg6_k']
[2025-12-07T16:49:23.419+0000] {standard_task_runner.py:83} INFO - Job 10982: Subtask run_p6_pds_oci_adw
[2025-12-07T16:49:23.444+0000] {logging_mixin.py:137} WARNING - /usr/local/lib/python3.9/site-packages/airflow/settings.py:249 DeprecationWarning: The sql_alchemy_conn option in [core] has been moved to the sql_alchemy_conn option in [database] - the old setting has been used, but please update your config.
[2025-12-07T16:49:23.517+0000] {task_command.py:389} INFO - Running <TaskInstance: airflow_dag_p6_pds_to_oci.run_p6_pds_oci_adw manual__2025-12-07T16:39:18.962442+00:00 [running]> on host ci-synergyze-airflow-dev-01.syndevapp.vcndataplatform.oraclevcn.com
[2025-12-07T16:49:23.605+0000] {taskinstance.py:1511} INFO - Exporting the following env vars:
AIRFLOW_CTX_DAG_OWNER=airflow
AIRFLOW_CTX_DAG_ID=airflow_dag_p6_pds_to_oci
AIRFLOW_CTX_TASK_ID=run_p6_pds_oci_adw
AIRFLOW_CTX_EXECUTION_DATE=2025-12-07T16:39:18.962442+00:00
AIRFLOW_CTX_TRY_NUMBER=3
AIRFLOW_CTX_DAG_RUN_ID=manual__2025-12-07T16:39:18.962442+00:00
[2025-12-07T16:49:24.466+0000] {logging_mixin.py:137} INFO - Started DataFlow run: ocid1.dataflowrun.oc1.me-jeddah-1.anvgkljrsvwgetya6jihyxe7c2bu4sc6qy5vv72xy2fkntf4j3n67rqpc4kq
[2025-12-07T16:49:24.466+0000] {taskinstance.py:1772} ERROR - Task failed with exception
Traceback (most recent call last):
  File "/usr/local/lib/python3.9/site-packages/airflow/operators/python.py", line 175, in execute
    return_value = self.execute_callable()
  File "/usr/local/lib/python3.9/site-packages/airflow/operators/python.py", line 192, in execute_callable
    return self.python_callable(*self.op_args, **self.op_kwargs)
  File "/opt/airflow/dags/airflow_dag_p6_pds_to_oci.py", line 94, in run_p6_pipeline
    wait_for_run(run_id, **kwargs)
TypeError: wait_for_run() got multiple values for argument 'run_id'
[2025-12-07T16:49:24.487+0000] {taskinstance.py:1322} INFO - Marking task as UP_FOR_RETRY. dag_id=airflow_dag_p6_pds_to_oci, task_id=run_p6_pds_oci_adw, execution_date=20251207T163918, start_date=20251207T164923, end_date=20251207T164924
[2025-12-07T16:49:24.507+0000] {standard_task_runner.py:100} ERROR - Failed to execute job 10982 for task run_p6_pds_oci_adw (wait_for_run() got multiple values for argument 'run_id'; 225197)
[2025-12-07T16:49:24.551+0000] {local_task_job.py:159} INFO - Task exited with return code 1
[2025-12-07T16:49:24.581+0000] {taskinstance.py:2582} INFO - 0 downstream tasks scheduled from follow-on schedule check

