ci-synergyze-airflow-dev-01.syndevapp.vcndataplatform.oraclevcn.com
*** Reading local file: /opt/airflow/logs/dag_id=airflow_dag_p6_pds_to_oci/run_id=scheduled__2025-12-06T01:00:00+00:00/task_id=run_p6_pds_oci_adw/attempt=1.log
[2025-12-07T16:24:05.021+0000] {taskinstance.py:1087} INFO - Dependencies all met for <TaskInstance: airflow_dag_p6_pds_to_oci.run_p6_pds_oci_adw scheduled__2025-12-06T01:00:00+00:00 [queued]>
[2025-12-07T16:24:05.041+0000] {taskinstance.py:1087} INFO - Dependencies all met for <TaskInstance: airflow_dag_p6_pds_to_oci.run_p6_pds_oci_adw scheduled__2025-12-06T01:00:00+00:00 [queued]>
[2025-12-07T16:24:05.054+0000] {taskinstance.py:1283} INFO - 
--------------------------------------------------------------------------------
[2025-12-07T16:24:05.055+0000] {taskinstance.py:1284} INFO - Starting attempt 1 of 4
[2025-12-07T16:24:05.055+0000] {taskinstance.py:1285} INFO - 
--------------------------------------------------------------------------------
[2025-12-07T16:24:05.086+0000] {taskinstance.py:1304} INFO - Executing <Task(PythonOperator): run_p6_pds_oci_adw> on 2025-12-06 01:00:00+00:00
[2025-12-07T16:24:05.090+0000] {standard_task_runner.py:55} INFO - Started process 193760 to run task
[2025-12-07T16:24:05.094+0000] {standard_task_runner.py:82} INFO - Running: ['airflow', 'tasks', 'run', 'airflow_dag_p6_pds_to_oci', 'run_p6_pds_oci_adw', 'scheduled__2025-12-06T01:00:00+00:00', '--job-id', '10977', '--raw', '--subdir', 'DAGS_FOLDER/airflow_dag_p6_pds_to_oci.py', '--cfg-path', '/tmp/tmpx90deswz']
[2025-12-07T16:24:05.095+0000] {standard_task_runner.py:83} INFO - Job 10977: Subtask run_p6_pds_oci_adw
[2025-12-07T16:24:05.129+0000] {logging_mixin.py:137} WARNING - /usr/local/lib/python3.9/site-packages/airflow/settings.py:249 DeprecationWarning: The sql_alchemy_conn option in [core] has been moved to the sql_alchemy_conn option in [database] - the old setting has been used, but please update your config.
[2025-12-07T16:24:05.165+0000] {logging_mixin.py:137} WARNING - /usr/local/lib/python3.9/site-packages/airflow/utils/sqlalchemy.py:121 DeprecationWarning: The sql_alchemy_conn option in [core] has been moved to the sql_alchemy_conn option in [database] - the old setting has been used, but please update your config.
[2025-12-07T16:24:05.220+0000] {task_command.py:389} INFO - Running <TaskInstance: airflow_dag_p6_pds_to_oci.run_p6_pds_oci_adw scheduled__2025-12-06T01:00:00+00:00 [running]> on host ci-synergyze-airflow-dev-01.syndevapp.vcndataplatform.oraclevcn.com
[2025-12-07T16:24:05.308+0000] {taskinstance.py:1511} INFO - Exporting the following env vars:
AIRFLOW_CTX_DAG_OWNER=airflow
AIRFLOW_CTX_DAG_ID=airflow_dag_p6_pds_to_oci
AIRFLOW_CTX_TASK_ID=run_p6_pds_oci_adw
AIRFLOW_CTX_EXECUTION_DATE=2025-12-06T01:00:00+00:00
AIRFLOW_CTX_TRY_NUMBER=1
AIRFLOW_CTX_DAG_RUN_ID=scheduled__2025-12-06T01:00:00+00:00
[2025-12-07T16:24:05.706+0000] {taskinstance.py:1772} ERROR - Task failed with exception
Traceback (most recent call last):
  File "/usr/local/lib/python3.9/site-packages/airflow/operators/python.py", line 175, in execute
    return_value = self.execute_callable()
  File "/usr/local/lib/python3.9/site-packages/airflow/operators/python.py", line 192, in execute_callable
    return self.python_callable(*self.op_args, **self.op_kwargs)
  File "/opt/airflow/dags/airflow_dag_p6_pds_to_oci.py", line 93, in run_p6_pipeline
    run_id = start_dataflow_run(app_id, cfg)
  File "/opt/airflow/dags/airflow_dag_p6_pds_to_oci.py", line 51, in start_dataflow_run
    resp = df.create_run(run_details)
  File "/usr/local/lib/python3.9/site-packages/oci/data_flow/data_flow_client.py", line 1080, in create_run
    return self.base_client.call_api(
  File "/usr/local/lib/python3.9/site-packages/oci/base_client.py", line 535, in call_api
    response = self.request(request, allow_control_chars, operation_name, api_reference_link)
  File "/usr/local/lib/python3.9/site-packages/circuitbreaker.py", line 159, in wrapper
    return call(function, *args, **kwargs)
  File "/usr/local/lib/python3.9/site-packages/circuitbreaker.py", line 170, in call
    return func(*args, **kwargs)
  File "/usr/local/lib/python3.9/site-packages/oci/base_client.py", line 726, in request
    self.raise_service_error(request, response, service_code, message, operation_name, api_reference_link, target_service, request_endpoint, client_version, timestamp, deserialized_data)
  File "/usr/local/lib/python3.9/site-packages/oci/base_client.py", line 891, in raise_service_error
    raise exceptions.ServiceError(
oci.exceptions.ServiceError: {'target_service': 'data_flow', 'status': 400, 'code': 'InvalidParameter', 'opc-request-id': '99A2B05450804AD9A93F7A5D76DE641C/87295C22845F85CE25AA35694A4544B4/F198C8B128B82D4CFC2FDE3C8F1A0D5C', 'message': 'Invalid OCI Object Storage uri. The object was not found or you are not authorized to access it. {ResultCode: OBJECTSTORAGE_URI_INVALID, Parameters: [oci://bkt-neom-enowa-des-dev-data-landing@axjj8sdvrg1w/Logs/]}', 'operation_name': 'create_run', 'timestamp': '2025-12-07T16:24:05.706300+00:00', 'client_version': 'Oracle-PythonSDK/2.130.0', 'request_endpoint': 'POST https://dataflow.me-jeddah-1.oci.oraclecloud.com/20200129/runs', 'logging_tips': 'To get more info on the failing request, refer to https://docs.oracle.com/en-us/iaas/tools/python/latest/logging.html for ways to log the request/response details.', 'troubleshooting_tips': "See https://docs.oracle.com/iaas/Content/API/References/apierrors.htm#apierrors_400__400_invalidparameter for more information about resolving this error. Also see https://docs.oracle.com/iaas/api/#/en/data-flow/20200129/Run/CreateRun for details on this operation's requirements. If you are unable to resolve this data_flow issue, please contact Oracle support and provide them this full error message."}
[2025-12-07T16:24:05.724+0000] {taskinstance.py:1322} INFO - Marking task as UP_FOR_RETRY. dag_id=airflow_dag_p6_pds_to_oci, task_id=run_p6_pds_oci_adw, execution_date=20251206T010000, start_date=20251207T162405, end_date=20251207T162405
[2025-12-07T16:24:05.744+0000] {standard_task_runner.py:100} ERROR - Failed to execute job 10977 for task run_p6_pds_oci_adw ({'target_service': 'data_flow', 'status': 400, 'code': 'InvalidParameter', 'opc-request-id': '99A2B05450804AD9A93F7A5D76DE641C/87295C22845F85CE25AA35694A4544B4/F198C8B128B82D4CFC2FDE3C8F1A0D5C', 'message': 'Invalid OCI Object Storage uri. The object was not found or you are not authorized to access it. {ResultCode: OBJECTSTORAGE_URI_INVALID, Parameters: [oci://bkt-neom-enowa-des-dev-data-landing@axjj8sdvrg1w/Logs/]}', 'operation_name': 'create_run', 'timestamp': '2025-12-07T16:24:05.706300+00:00', 'client_version': 'Oracle-PythonSDK/2.130.0', 'request_endpoint': 'POST https://dataflow.me-jeddah-1.oci.oraclecloud.com/20200129/runs', 'logging_tips': 'To get more info on the failing request, refer to https://docs.oracle.com/en-us/iaas/tools/python/latest/logging.html for ways to log the request/response details.', 'troubleshooting_tips': "See https://docs.oracle.com/iaas/Content/API/References/apierrors.htm#apierrors_400__400_invalidparameter for more information about resolving this error. Also see https://docs.oracle.com/iaas/api/#/en/data-flow/20200129/Run/CreateRun for details on this operation's requirements. If you are unable to resolve this data_flow issue, please contact Oracle support and provide them this full error message."}; 193760)
[2025-12-07T16:24:05.757+0000] {local_task_job.py:159} INFO - Task exited with return code 1
[2025-12-07T16:24:05.784+0000] {taskinstance.py:2582} INFO - 0 downstream tasks scheduled from follow-on schedule check

